

Microchip MPLAB XC8 Assembler V2.20 build 20200408173844 
                                                                                               Mon Sep 14 14:50:51 2020

Microchip MPLAB XC8 C Compiler v2.20 (Free license) build 20200408173844 Og1 
     1                           	processor	18F4520
     2                           	fnconf	rparam,??,?,0
     3                           	pagewidth 120
     4                           	opt	flic
     5                           	psect	cinit,global,reloc=2,class=CODE,delta=1
     6                           	psect	bssCOMRAM,global,class=COMRAM,space=1,delta=1,lowdata,noexec
     7                           	psect	cstackCOMRAM,global,class=COMRAM,space=1,delta=1,lowdata,noexec
     8                           	psect	text0,global,reloc=2,class=CODE,delta=1
     9                           	psect	text1,global,reloc=2,class=CODE,delta=1
    10                           	psect	text2,global,reloc=2,class=CODE,delta=1
    11                           	psect	text3,global,reloc=2,class=CODE,delta=1
    12                           	psect	text4,global,reloc=2,class=CODE,delta=1
    13                           	psect	text5,global,reloc=2,class=CODE,delta=1
    14                           	psect	text6,global,reloc=2,class=CODE,delta=1,group=1
    15                           	psect	text7,global,reloc=2,class=CODE,delta=1
    16                           	psect	text8,global,reloc=2,class=CODE,delta=1,group=1
    17                           	psect	intsave_regs,global,class=BIGRAM,space=1,delta=1,noexec
    18                           	psect	text9,global,reloc=2,class=CODE,delta=1,group=1
    19                           	psect	rparam,global,class=COMRAM,space=1,delta=1,noexec
    20                           	psect	idloc,global,abs,ovrld,class=IDLOC,space=5,delta=1,noexec
    21                           	psect	config,global,abs,ovrld,class=CONFIG,space=4,delta=1,noexec
    22  0000                     
    23                           ; Version 2.20
    24                           ; Generated 12/02/2020 GMT
    25                           ; 
    26                           ; Copyright © 2020, Microchip Technology Inc. and its subsidiaries ("Microchip")
    27                           ; All rights reserved.
    28                           ; 
    29                           ; This software is developed by Microchip Technology Inc. and its subsidiaries ("Microch
      +                          ip").
    30                           ; 
    31                           ; Redistribution and use in source and binary forms, with or without modification, are
    32                           ; permitted provided that the following conditions are met:
    33                           ; 
    34                           ;     1. Redistributions of source code must retain the above copyright notice, this lis
      +                          t of
    35                           ;        conditions and the following disclaimer.
    36                           ; 
    37                           ;     2. Redistributions in binary form must reproduce the above copyright notice, this 
      +                          list
    38                           ;        of conditions and the following disclaimer in the documentation and/or other
    39                           ;        materials provided with the distribution.
    40                           ; 
    41                           ;     3. Microchip's name may not be used to endorse or promote products derived from th
      +                          is
    42                           ;        software without specific prior written permission.
    43                           ; 
    44                           ; THIS SOFTWARE IS PROVIDED BY MICROCHIP "AS IS" AND ANY EXPRESS OR IMPLIED WARRANTIES,
    45                           ; INCLUDING, BUT NOT LIMITED TO, THE IMPLIED WARRANTIES OF MERCHANTABILITY AND FITNESS F
      +                          OR
    46                           ; PURPOSE ARE DISCLAIMED.  IN NO EVENT SHALL MICROCHIP BE LIABLE FOR ANY DIRECT, INDIREC
      +                          T,
    47                           ; INCIDENTAL, SPECIAL, EXEMPLARY, OR CONSEQUENTIAL DAMAGES (INCLUDING BUT NOT LIMITED TO
    48                           ; PROCUREMENT OF SUBSTITUTE GOODS OR SERVICES; LOSS OF USE, DATA OR PROFITS; OR BUSINESS
    49                           ; INTERRUPTION) HOWSOEVER CAUSED AND ON ANY THEORY OF LIABILITY, WHETHER IN CONTRACT, ST
      +                          RICT
    50                           ; LIABILITY, OR TORT (INCLUDING NEGLIGENCE OR OTHERWISE) ARISING IN ANY WAY OUT OF THE U
      +                          SE OF
    51                           ; THIS SOFTWARE, EVEN IF ADVISED OF THE POSSIBILITY OF SUCH DAMAGE.
    52                           ; 
    53                           ; 
    54                           ; Code-generator required, PIC18F4520 Definitions
    55                           ; 
    56                           ; SFR Addresses
    57  0000                     _PORTDbits	set	3971
    58  0000                     _TRISDbits	set	3989
    59                           
    60                           ; #config settings
    61                           
    62                           	psect	cinit
    63  007D2C                     __pcinit:
    64                           	callstack 0
    65  007D2C                     start_initialization:
    66                           	callstack 0
    67  007D2C                     __initialization:
    68                           	callstack 0
    69                           
    70                           ; Clear objects allocated to COMRAM (32 bytes)
    71  007D2C  EE00  F001         	lfsr	0,__pbssCOMRAM
    72  007D30  0E20               	movlw	32
    73  007D32                     clear_0:
    74  007D32  6AEE               	clrf	postinc0,c
    75  007D34  06E8               	decf	wreg,f,c
    76  007D36  E1FD               	bnz	clear_0
    77  007D38                     end_of_initialization:
    78                           	callstack 0
    79  007D38                     __end_of__initialization:
    80                           	callstack 0
    81  007D38  0E00               	movlw	low (__Lmediumconst shr (0+16))
    82  007D3A  6EF8               	movwf	tblptru,c
    83  007D3C  0100               	movlb	0
    84  007D3E  EF23  F03F         	goto	_main	;jump to C main() function
    85                           
    86                           	psect	bssCOMRAM
    87  000001                     __pbssCOMRAM:
    88                           	callstack 0
    89  000001                     _FILA_APTOS:
    90                           	callstack 0
    91  000001                     	ds	28
    92  00001D                     _tarefa_da_vez:
    93                           	callstack 0
    94  00001D                     	ds	2
    95  00001F                     _controle_aptos:
    96                           	callstack 0
    97  00001F                     	ds	2
    98                           
    99                           	psect	cstackCOMRAM
   100  000021                     __pcstackCOMRAM:
   101                           	callstack 0
   102  000021                     ??_task_1:
   103  000021                     ??_task_2:
   104  000021                     ??_task_3:
   105  000021                     ?___wmul:
   106                           	callstack 0
   107  000021                     ?___awmod:
   108                           	callstack 0
   109  000021                     ___wmul@multiplier:
   110                           	callstack 0
   111  000021                     ___awmod@dividend:
   112                           	callstack 0
   113                           
   114                           ; 2 bytes @ 0x0
   115  000021                     	ds	2
   116  000023                     ___wmul@multiplicand:
   117                           	callstack 0
   118  000023                     ___awmod@divisor:
   119                           	callstack 0
   120                           
   121                           ; 2 bytes @ 0x2
   122  000023                     	ds	2
   123  000025                     ___awmod@counter:
   124                           	callstack 0
   125  000025                     ___wmul@product:
   126                           	callstack 0
   127                           
   128                           ; 2 bytes @ 0x4
   129  000025                     	ds	1
   130  000026                     ___awmod@sign:
   131                           	callstack 0
   132                           
   133                           ; 1 bytes @ 0x5
   134  000026                     	ds	1
   135  000027                     ?_escalonador:
   136                           	callstack 0
   137  000027                     criar_tarefa@prioridade:
   138                           	callstack 0
   139                           
   140                           ; 2 bytes @ 0x6
   141  000027                     	ds	2
   142  000029                     criar_tarefa@func:
   143                           	callstack 0
   144  000029                     despachante@vez:
   145                           	callstack 0
   146                           
   147                           ; 2 bytes @ 0x8
   148  000029                     	ds	2
   149  00002B                     ??_criar_tarefa:
   150                           
   151                           ; 1 bytes @ 0xA
   152  00002B                     	ds	2
   153  00002D                     ??_main:
   154                           
   155                           ; 1 bytes @ 0xC
   156  00002D                     	ds	1
   157                           
   158 ;;
   159 ;;Main: autosize = 0, tempsize = 1, incstack = 0, save=0
   160 ;;
   161 ;; *************** function _main *****************
   162 ;; Defined at:
   163 ;;		line 41 in file "main.c"
   164 ;; Parameters:    Size  Location     Type
   165 ;;		None
   166 ;; Auto vars:     Size  Location     Type
   167 ;;		None
   168 ;; Return value:  Size  Location     Type
   169 ;;                  1    wreg      void 
   170 ;; Registers used:
   171 ;;		wreg, fsr2l, fsr2h, status,2, status,0, pclath, tosl, prodl, prodh, cstack
   172 ;; Tracked objects:
   173 ;;		On entry : 0/0
   174 ;;		On exit  : 0/0
   175 ;;		Unchanged: 0/0
   176 ;; Data sizes:     COMRAM   BANK0   BANK1   BANK2   BANK3   BANK4   BANK5
   177 ;;      Params:         0       0       0       0       0       0       0
   178 ;;      Locals:         0       0       0       0       0       0       0
   179 ;;      Temps:          1       0       0       0       0       0       0
   180 ;;      Totals:         1       0       0       0       0       0       0
   181 ;;Total ram usage:        1 bytes
   182 ;; Hardware stack levels required when called:    3
   183 ;; This function calls:
   184 ;;		_criar_tarefa
   185 ;;		_despachante
   186 ;; This function is called by:
   187 ;;		Startup code after reset
   188 ;; This function uses a non-reentrant model
   189 ;;
   190                           
   191                           	psect	text0
   192  007E46                     __ptext0:
   193                           	callstack 0
   194  007E46                     _main:
   195                           	callstack 28
   196  007E46                     
   197                           ;main.c: 43:    TRISDbits.RD0 = 0;
   198  007E46  9095               	bcf	149,0,c	;volatile
   199                           
   200                           ;main.c: 44:    TRISDbits.RD1 = 0;
   201  007E48  9295               	bcf	149,1,c	;volatile
   202                           
   203                           ;main.c: 45:    TRISDbits.RD2 = 0;
   204  007E4A  9495               	bcf	149,2,c	;volatile
   205  007E4C                     
   206                           ;main.c: 48:    criar_tarefa(5, task_1);
   207  007E4C  0E00               	movlw	0
   208  007E4E  6E28               	movwf	(criar_tarefa@prioridade+1)^0,c
   209  007E50  0E05               	movlw	5
   210  007E52  6E27               	movwf	criar_tarefa@prioridade^0,c
   211  007E54  0E42               	movlw	low _task_1
   212  007E56  6E29               	movwf	criar_tarefa@func^0,c
   213  007E58  0E7D               	movlw	high _task_1
   214  007E5A  6E2A               	movwf	(criar_tarefa@func+1)^0,c
   215  007E5C  EC51  F03F         	call	_criar_tarefa	;wreg free
   216                           
   217                           ;main.c: 49:    criar_tarefa(5, task_2);
   218  007E60  0E00               	movlw	0
   219  007E62  6E28               	movwf	(criar_tarefa@prioridade+1)^0,c
   220  007E64  0E05               	movlw	5
   221  007E66  6E27               	movwf	criar_tarefa@prioridade^0,c
   222  007E68  0E64               	movlw	low _task_2
   223  007E6A  6E29               	movwf	criar_tarefa@func^0,c
   224  007E6C  0E7D               	movlw	high _task_2
   225  007E6E  6E2A               	movwf	(criar_tarefa@func+1)^0,c
   226  007E70  EC51  F03F         	call	_criar_tarefa	;wreg free
   227                           
   228                           ;main.c: 50:    criar_tarefa(5, task_3);
   229  007E74  0E00               	movlw	0
   230  007E76  6E28               	movwf	(criar_tarefa@prioridade+1)^0,c
   231  007E78  0E05               	movlw	5
   232  007E7A  6E27               	movwf	criar_tarefa@prioridade^0,c
   233  007E7C  0EAE               	movlw	low _task_3
   234  007E7E  6E29               	movwf	criar_tarefa@func^0,c
   235  007E80  0E7D               	movlw	high _task_3
   236  007E82  6E2A               	movwf	(criar_tarefa@func+1)^0,c
   237  007E84  EC51  F03F         	call	_criar_tarefa	;wreg free
   238  007E88                     l854:
   239                           
   240                           ;main.c: 55:       despachante();
   241  007E88  ECFF  F03E         	call	_despachante	;wreg free
   242  007E8C                     
   243                           ;main.c: 56:       _delay((unsigned long)((10)*(4000000/4000.0)));
   244  007E8C  0E0D               	movlw	13
   245  007E8E  6E2D               	movwf	??_main^0,c
   246  007E90  0EFC               	movlw	252
   247  007E92                     u187:
   248  007E92  2EE8               	decfsz	wreg,f,c
   249  007E94  D7FE               	bra	u187
   250  007E96  2E2D               	decfsz	??_main^0,f,c
   251  007E98  D7FC               	bra	u187
   252  007E9A  EF44  F03F         	goto	l854
   253  007E9E  EF00  F000         	goto	start
   254  007EA2                     __end_of_main:
   255                           	callstack 0
   256                           
   257 ;; *************** function _despachante *****************
   258 ;; Defined at:
   259 ;;		line 79 in file "main.c"
   260 ;; Parameters:    Size  Location     Type
   261 ;;		None
   262 ;; Auto vars:     Size  Location     Type
   263 ;;  vez             2    8[COMRAM] int 
   264 ;; Return value:  Size  Location     Type
   265 ;;                  1    wreg      void 
   266 ;; Registers used:
   267 ;;		wreg, fsr2l, fsr2h, status,2, status,0, pclath, tosl, prodl, prodh, cstack
   268 ;; Tracked objects:
   269 ;;		On entry : 0/0
   270 ;;		On exit  : 0/0
   271 ;;		Unchanged: 0/0
   272 ;; Data sizes:     COMRAM   BANK0   BANK1   BANK2   BANK3   BANK4   BANK5
   273 ;;      Params:         0       0       0       0       0       0       0
   274 ;;      Locals:         2       0       0       0       0       0       0
   275 ;;      Temps:          0       0       0       0       0       0       0
   276 ;;      Totals:         2       0       0       0       0       0       0
   277 ;;Total ram usage:        2 bytes
   278 ;; Hardware stack levels used:    1
   279 ;; Hardware stack levels required when called:    2
   280 ;; This function calls:
   281 ;;		___wmul
   282 ;;		_escalonador
   283 ;;		_task_1
   284 ;;		_task_2
   285 ;;		_task_3
   286 ;; This function is called by:
   287 ;;		_main
   288 ;; This function uses a non-reentrant model
   289 ;;
   290                           
   291                           	psect	text1
   292  007DFE                     __ptext1:
   293                           	callstack 0
   294  007DFE                     _despachante:
   295                           	callstack 28
   296  007DFE                     
   297                           ;main.c: 82:    int vez = escalonador();
   298  007DFE  ECEA  F03E         	call	_escalonador	;wreg free
   299  007E02  C027  F029         	movff	?_escalonador,despachante@vez
   300  007E06  C028  F02A         	movff	?_escalonador+1,despachante@vez+1
   301  007E0A                     
   302                           ;main.c: 85:    (*FILA_APTOS[vez].task_func)();
   303  007E0A  C029  F021         	movff	despachante@vez,___wmul@multiplier
   304  007E0E  C02A  F022         	movff	despachante@vez+1,___wmul@multiplier+1
   305  007E12  0E00               	movlw	0
   306  007E14  6E24               	movwf	(___wmul@multiplicand+1)^0,c
   307  007E16  0E07               	movlw	7
   308  007E18  6E23               	movwf	___wmul@multiplicand^0,c
   309  007E1A  ECC4  F03E         	call	___wmul	;wreg free
   310  007E1E  0E05               	movlw	low (_FILA_APTOS+4)
   311  007E20  2421               	addwf	?___wmul^0,w,c
   312  007E22  6ED9               	movwf	fsr2l,c
   313  007E24  0E00               	movlw	high (_FILA_APTOS+4)
   314  007E26  2022               	addwfc	(?___wmul+1)^0,w,c
   315  007E28  6EDA               	movwf	fsr2h,c
   316  007E2A  D802               	call	u178
   317  007E2C  EF22  F03F         	goto	u179
   318  007E30                     u178:
   319  007E30  0005               	push	
   320  007E32  6EFA               	movwf	pclath,c
   321  007E34  50DE               	movf	postinc2,w,c
   322  007E36  6EFD               	movwf	tosl,c
   323  007E38  50DE               	movf	postinc2,w,c
   324  007E3A  6EFE               	movwf	tosh,c
   325  007E3C  50F8               	movf	tblptru,w,c
   326  007E3E  6EFF               	movwf	tosu,c
   327  007E40  50FA               	movf	pclath,w,c
   328  007E42  0012               	return		;indir
   329  007E44                     u179:
   330  007E44  0012               	return		;funcret
   331  007E46                     __end_of_despachante:
   332                           	callstack 0
   333                           
   334 ;; *************** function _task_2 *****************
   335 ;; Defined at:
   336 ;;		line 95 in file "main.c"
   337 ;; Parameters:    Size  Location     Type
   338 ;;		None
   339 ;; Auto vars:     Size  Location     Type
   340 ;;		None
   341 ;; Return value:  Size  Location     Type
   342 ;;                  1    wreg      void 
   343 ;; Registers used:
   344 ;;		wreg, status,2, status,0
   345 ;; Tracked objects:
   346 ;;		On entry : 0/0
   347 ;;		On exit  : 0/0
   348 ;;		Unchanged: 0/0
   349 ;; Data sizes:     COMRAM   BANK0   BANK1   BANK2   BANK3   BANK4   BANK5
   350 ;;      Params:         0       0       0       0       0       0       0
   351 ;;      Locals:         0       0       0       0       0       0       0
   352 ;;      Temps:          1       0       0       0       0       0       0
   353 ;;      Totals:         1       0       0       0       0       0       0
   354 ;;Total ram usage:        1 bytes
   355 ;; Hardware stack levels used:    1
   356 ;; This function calls:
   357 ;;		Nothing
   358 ;; This function is called by:
   359 ;;		_main
   360 ;;		_despachante
   361 ;; This function uses a non-reentrant model
   362 ;;
   363                           
   364                           	psect	text2
   365  007D64                     __ptext2:
   366                           	callstack 0
   367  007D64                     _task_2:
   368                           	callstack 29
   369  007D64                     
   370                           ;main.c: 97:    PORTDbits.RD1 = ~PORTDbits.RD1;
   371  007D64  B283               	btfsc	131,1,c	;volatile
   372  007D66  EFB7  F03E         	goto	u81
   373  007D6A  EFBA  F03E         	goto	u80
   374  007D6E                     u81:
   375  007D6E  0E01               	movlw	1
   376  007D70  EFBB  F03E         	goto	u86
   377  007D74                     u80:
   378  007D74  0E00               	movlw	0
   379  007D76                     u86:
   380  007D76  0AFF               	xorlw	255
   381  007D78  6E21               	movwf	??_task_2^0,c
   382  007D7A  4621               	rlncf	??_task_2^0,f,c
   383  007D7C  5083               	movf	131,w,c	;volatile
   384  007D7E  1821               	xorwf	??_task_2^0,w,c
   385  007D80  0BFD               	andlw	-3
   386  007D82  1821               	xorwf	??_task_2^0,w,c
   387  007D84  6E83               	movwf	131,c	;volatile
   388  007D86  0012               	return		;funcret
   389  007D88                     __end_of_task_2:
   390                           	callstack 0
   391                           
   392 ;; *************** function _task_1 *****************
   393 ;; Defined at:
   394 ;;		line 90 in file "main.c"
   395 ;; Parameters:    Size  Location     Type
   396 ;;		None
   397 ;; Auto vars:     Size  Location     Type
   398 ;;		None
   399 ;; Return value:  Size  Location     Type
   400 ;;                  1    wreg      void 
   401 ;; Registers used:
   402 ;;		wreg, status,2, status,0
   403 ;; Tracked objects:
   404 ;;		On entry : 0/0
   405 ;;		On exit  : 0/0
   406 ;;		Unchanged: 0/0
   407 ;; Data sizes:     COMRAM   BANK0   BANK1   BANK2   BANK3   BANK4   BANK5
   408 ;;      Params:         0       0       0       0       0       0       0
   409 ;;      Locals:         0       0       0       0       0       0       0
   410 ;;      Temps:          1       0       0       0       0       0       0
   411 ;;      Totals:         1       0       0       0       0       0       0
   412 ;;Total ram usage:        1 bytes
   413 ;; Hardware stack levels used:    1
   414 ;; This function calls:
   415 ;;		Nothing
   416 ;; This function is called by:
   417 ;;		_main
   418 ;;		_despachante
   419 ;; This function uses a non-reentrant model
   420 ;;
   421                           
   422                           	psect	text3
   423  007D42                     __ptext3:
   424                           	callstack 0
   425  007D42                     _task_1:
   426                           	callstack 29
   427  007D42                     
   428                           ;main.c: 92:    PORTDbits.RD0 = ~PORTDbits.RD0;
   429  007D42  B083               	btfsc	131,0,c	;volatile
   430  007D44  EFA6  F03E         	goto	u71
   431  007D48  EFA9  F03E         	goto	u70
   432  007D4C                     u71:
   433  007D4C  0E01               	movlw	1
   434  007D4E  EFAA  F03E         	goto	u76
   435  007D52                     u70:
   436  007D52  0E00               	movlw	0
   437  007D54                     u76:
   438  007D54  0AFF               	xorlw	255
   439  007D56  6E21               	movwf	??_task_1^0,c
   440  007D58  5083               	movf	131,w,c	;volatile
   441  007D5A  1821               	xorwf	??_task_1^0,w,c
   442  007D5C  0BFE               	andlw	-2
   443  007D5E  1821               	xorwf	??_task_1^0,w,c
   444  007D60  6E83               	movwf	131,c	;volatile
   445  007D62  0012               	return		;funcret
   446  007D64                     __end_of_task_1:
   447                           	callstack 0
   448                           
   449 ;; *************** function _task_3 *****************
   450 ;; Defined at:
   451 ;;		line 100 in file "main.c"
   452 ;; Parameters:    Size  Location     Type
   453 ;;		None
   454 ;; Auto vars:     Size  Location     Type
   455 ;;		None
   456 ;; Return value:  Size  Location     Type
   457 ;;                  1    wreg      void 
   458 ;; Registers used:
   459 ;;		wreg, status,2, status,0
   460 ;; Tracked objects:
   461 ;;		On entry : 0/0
   462 ;;		On exit  : 0/0
   463 ;;		Unchanged: 0/0
   464 ;; Data sizes:     COMRAM   BANK0   BANK1   BANK2   BANK3   BANK4   BANK5
   465 ;;      Params:         0       0       0       0       0       0       0
   466 ;;      Locals:         0       0       0       0       0       0       0
   467 ;;      Temps:          1       0       0       0       0       0       0
   468 ;;      Totals:         1       0       0       0       0       0       0
   469 ;;Total ram usage:        1 bytes
   470 ;; Hardware stack levels used:    1
   471 ;; This function calls:
   472 ;;		Nothing
   473 ;; This function is called by:
   474 ;;		_main
   475 ;;		_despachante
   476 ;; This function uses a non-reentrant model
   477 ;;
   478                           
   479                           	psect	text4
   480  007DAE                     __ptext4:
   481                           	callstack 0
   482  007DAE                     _task_3:
   483                           	callstack 29
   484  007DAE                     
   485                           ;main.c: 102:    PORTDbits.RD2 = ~PORTDbits.RD2;
   486  007DAE  B483               	btfsc	131,2,c	;volatile
   487  007DB0  EFDC  F03E         	goto	u91
   488  007DB4  EFDF  F03E         	goto	u90
   489  007DB8                     u91:
   490  007DB8  0E01               	movlw	1
   491  007DBA  EFE0  F03E         	goto	u96
   492  007DBE                     u90:
   493  007DBE  0E00               	movlw	0
   494  007DC0                     u96:
   495  007DC0  0AFF               	xorlw	255
   496  007DC2  6E21               	movwf	??_task_3^0,c
   497  007DC4  4621               	rlncf	??_task_3^0,f,c
   498  007DC6  4621               	rlncf	??_task_3^0,f,c
   499  007DC8  5083               	movf	131,w,c	;volatile
   500  007DCA  1821               	xorwf	??_task_3^0,w,c
   501  007DCC  0BFB               	andlw	-5
   502  007DCE  1821               	xorwf	??_task_3^0,w,c
   503  007DD0  6E83               	movwf	131,c	;volatile
   504  007DD2  0012               	return		;funcret
   505  007DD4                     __end_of_task_3:
   506                           	callstack 0
   507                           
   508 ;; *************** function _escalonador *****************
   509 ;; Defined at:
   510 ;;		line 72 in file "main.c"
   511 ;; Parameters:    Size  Location     Type
   512 ;;		None
   513 ;; Auto vars:     Size  Location     Type
   514 ;;		None
   515 ;; Return value:  Size  Location     Type
   516 ;;                  2    6[COMRAM] int 
   517 ;; Registers used:
   518 ;;		wreg, status,2, status,0, cstack
   519 ;; Tracked objects:
   520 ;;		On entry : 0/0
   521 ;;		On exit  : 0/0
   522 ;;		Unchanged: 0/0
   523 ;; Data sizes:     COMRAM   BANK0   BANK1   BANK2   BANK3   BANK4   BANK5
   524 ;;      Params:         2       0       0       0       0       0       0
   525 ;;      Locals:         0       0       0       0       0       0       0
   526 ;;      Temps:          0       0       0       0       0       0       0
   527 ;;      Totals:         2       0       0       0       0       0       0
   528 ;;Total ram usage:        2 bytes
   529 ;; Hardware stack levels used:    1
   530 ;; Hardware stack levels required when called:    1
   531 ;; This function calls:
   532 ;;		___awmod
   533 ;; This function is called by:
   534 ;;		_despachante
   535 ;; This function uses a non-reentrant model
   536 ;;
   537                           
   538                           	psect	text5
   539  007DD4                     __ptext5:
   540                           	callstack 0
   541  007DD4                     _escalonador:
   542                           	callstack 28
   543  007DD4                     
   544                           ;main.c: 74:    tarefa_da_vez = (tarefa_da_vez+1) % controle_aptos;
   545  007DD4  0E01               	movlw	1
   546  007DD6  241D               	addwf	_tarefa_da_vez^0,w,c
   547  007DD8  6E21               	movwf	___awmod@dividend^0,c
   548  007DDA  0E00               	movlw	0
   549  007DDC  201E               	addwfc	(_tarefa_da_vez+1)^0,w,c
   550  007DDE  6E22               	movwf	(___awmod@dividend+1)^0,c
   551  007DE0  C01F  F023         	movff	_controle_aptos,___awmod@divisor
   552  007DE4  C020  F024         	movff	_controle_aptos+1,___awmod@divisor+1
   553  007DE8  ECA8  F03F         	call	___awmod	;wreg free
   554  007DEC  C021  F01D         	movff	?___awmod,_tarefa_da_vez
   555  007DF0  C022  F01E         	movff	?___awmod+1,_tarefa_da_vez+1
   556  007DF4                     
   557                           ;main.c: 76:    return tarefa_da_vez;
   558  007DF4  C01D  F027         	movff	_tarefa_da_vez,?_escalonador
   559  007DF8  C01E  F028         	movff	_tarefa_da_vez+1,?_escalonador+1
   560  007DFC  0012               	return		;funcret
   561  007DFE                     __end_of_escalonador:
   562                           	callstack 0
   563                           
   564 ;; *************** function ___awmod *****************
   565 ;; Defined at:
   566 ;;		line 7 in file "C:\Program Files\Microchip\xc8\v2.20\pic\sources\c99\common\awmod.c"
   567 ;; Parameters:    Size  Location     Type
   568 ;;  dividend        2    0[COMRAM] int 
   569 ;;  divisor         2    2[COMRAM] int 
   570 ;; Auto vars:     Size  Location     Type
   571 ;;  sign            1    5[COMRAM] unsigned char 
   572 ;;  counter         1    4[COMRAM] unsigned char 
   573 ;; Return value:  Size  Location     Type
   574 ;;                  2    0[COMRAM] int 
   575 ;; Registers used:
   576 ;;		wreg, status,2, status,0
   577 ;; Tracked objects:
   578 ;;		On entry : 0/0
   579 ;;		On exit  : 0/0
   580 ;;		Unchanged: 0/0
   581 ;; Data sizes:     COMRAM   BANK0   BANK1   BANK2   BANK3   BANK4   BANK5
   582 ;;      Params:         4       0       0       0       0       0       0
   583 ;;      Locals:         2       0       0       0       0       0       0
   584 ;;      Temps:          0       0       0       0       0       0       0
   585 ;;      Totals:         6       0       0       0       0       0       0
   586 ;;Total ram usage:        6 bytes
   587 ;; Hardware stack levels used:    1
   588 ;; This function calls:
   589 ;;		Nothing
   590 ;; This function is called by:
   591 ;;		_escalonador
   592 ;; This function uses a non-reentrant model
   593 ;;
   594                           
   595                           	psect	text6
   596  007F50                     __ptext6:
   597                           	callstack 0
   598  007F50                     ___awmod:
   599                           	callstack 28
   600  007F50  0E00               	movlw	0
   601  007F52  6E26               	movwf	___awmod@sign^0,c
   602  007F54  BE22               	btfsc	(___awmod@dividend+1)^0,7,c
   603  007F56  EFB1  F03F         	goto	u110
   604  007F5A  EFAF  F03F         	goto	u111
   605  007F5E                     u111:
   606  007F5E  EFB7  F03F         	goto	l802
   607  007F62                     u110:
   608  007F62  6C21               	negf	___awmod@dividend^0,c
   609  007F64  1E22               	comf	(___awmod@dividend+1)^0,f,c
   610  007F66  B0D8               	btfsc	status,0,c
   611  007F68  2A22               	incf	(___awmod@dividend+1)^0,f,c
   612  007F6A  0E01               	movlw	1
   613  007F6C  6E26               	movwf	___awmod@sign^0,c
   614  007F6E                     l802:
   615  007F6E  BE24               	btfsc	(___awmod@divisor+1)^0,7,c
   616  007F70  EFBE  F03F         	goto	u120
   617  007F74  EFBC  F03F         	goto	u121
   618  007F78                     u121:
   619  007F78  EFC2  F03F         	goto	l806
   620  007F7C                     u120:
   621  007F7C  6C23               	negf	___awmod@divisor^0,c
   622  007F7E  1E24               	comf	(___awmod@divisor+1)^0,f,c
   623  007F80  B0D8               	btfsc	status,0,c
   624  007F82  2A24               	incf	(___awmod@divisor+1)^0,f,c
   625  007F84                     l806:
   626  007F84  5023               	movf	___awmod@divisor^0,w,c
   627  007F86  1024               	iorwf	(___awmod@divisor+1)^0,w,c
   628  007F88  B4D8               	btfsc	status,2,c
   629  007F8A  EFC9  F03F         	goto	u131
   630  007F8E  EFCB  F03F         	goto	u130
   631  007F92                     u131:
   632  007F92  EFEF  F03F         	goto	l822
   633  007F96                     u130:
   634  007F96  0E01               	movlw	1
   635  007F98  6E25               	movwf	___awmod@counter^0,c
   636  007F9A  EFD3  F03F         	goto	l812
   637  007F9E                     l810:
   638  007F9E  90D8               	bcf	status,0,c
   639  007FA0  3623               	rlcf	___awmod@divisor^0,f,c
   640  007FA2  3624               	rlcf	(___awmod@divisor+1)^0,f,c
   641  007FA4  2A25               	incf	___awmod@counter^0,f,c
   642  007FA6                     l812:
   643  007FA6  AE24               	btfss	(___awmod@divisor+1)^0,7,c
   644  007FA8  EFD8  F03F         	goto	u141
   645  007FAC  EFDA  F03F         	goto	u140
   646  007FB0                     u141:
   647  007FB0  EFCF  F03F         	goto	l810
   648  007FB4                     u140:
   649  007FB4                     l814:
   650  007FB4  5023               	movf	___awmod@divisor^0,w,c
   651  007FB6  5C21               	subwf	___awmod@dividend^0,w,c
   652  007FB8  5024               	movf	(___awmod@divisor+1)^0,w,c
   653  007FBA  5822               	subwfb	(___awmod@dividend+1)^0,w,c
   654  007FBC  A0D8               	btfss	status,0,c
   655  007FBE  EFE3  F03F         	goto	u151
   656  007FC2  EFE5  F03F         	goto	u150
   657  007FC6                     u151:
   658  007FC6  EFE9  F03F         	goto	l818
   659  007FCA                     u150:
   660  007FCA  5023               	movf	___awmod@divisor^0,w,c
   661  007FCC  5E21               	subwf	___awmod@dividend^0,f,c
   662  007FCE  5024               	movf	(___awmod@divisor+1)^0,w,c
   663  007FD0  5A22               	subwfb	(___awmod@dividend+1)^0,f,c
   664  007FD2                     l818:
   665  007FD2  90D8               	bcf	status,0,c
   666  007FD4  3224               	rrcf	(___awmod@divisor+1)^0,f,c
   667  007FD6  3223               	rrcf	___awmod@divisor^0,f,c
   668  007FD8  2E25               	decfsz	___awmod@counter^0,f,c
   669  007FDA  EFDA  F03F         	goto	l814
   670  007FDE                     l822:
   671  007FDE  5026               	movf	___awmod@sign^0,w,c
   672  007FE0  B4D8               	btfsc	status,2,c
   673  007FE2  EFF5  F03F         	goto	u161
   674  007FE6  EFF7  F03F         	goto	u160
   675  007FEA                     u161:
   676  007FEA  EFFB  F03F         	goto	l826
   677  007FEE                     u160:
   678  007FEE  6C21               	negf	___awmod@dividend^0,c
   679  007FF0  1E22               	comf	(___awmod@dividend+1)^0,f,c
   680  007FF2  B0D8               	btfsc	status,0,c
   681  007FF4  2A22               	incf	(___awmod@dividend+1)^0,f,c
   682  007FF6                     l826:
   683  007FF6  C021  F021         	movff	___awmod@dividend,?___awmod
   684  007FFA  C022  F022         	movff	___awmod@dividend+1,?___awmod+1
   685  007FFE  0012               	return		;funcret
   686  008000                     __end_of___awmod:
   687                           	callstack 0
   688                           
   689 ;; *************** function _criar_tarefa *****************
   690 ;; Defined at:
   691 ;;		line 63 in file "main.c"
   692 ;; Parameters:    Size  Location     Type
   693 ;;  prioridade      2    6[COMRAM] unsigned int 
   694 ;;  func            2    8[COMRAM] PTR FTN()void 
   695 ;;		 -> task_3(1), task_2(1), task_1(1), 
   696 ;; Auto vars:     Size  Location     Type
   697 ;;		None
   698 ;; Return value:  Size  Location     Type
   699 ;;                  1    wreg      void 
   700 ;; Registers used:
   701 ;;		wreg, fsr2l, fsr2h, status,2, status,0, prodl, prodh, cstack
   702 ;; Tracked objects:
   703 ;;		On entry : 0/0
   704 ;;		On exit  : 0/0
   705 ;;		Unchanged: 0/0
   706 ;; Data sizes:     COMRAM   BANK0   BANK1   BANK2   BANK3   BANK4   BANK5
   707 ;;      Params:         4       0       0       0       0       0       0
   708 ;;      Locals:         0       0       0       0       0       0       0
   709 ;;      Temps:          2       0       0       0       0       0       0
   710 ;;      Totals:         6       0       0       0       0       0       0
   711 ;;Total ram usage:        6 bytes
   712 ;; Hardware stack levels used:    1
   713 ;; Hardware stack levels required when called:    1
   714 ;; This function calls:
   715 ;;		___wmul
   716 ;; This function is called by:
   717 ;;		_main
   718 ;; This function uses a non-reentrant model
   719 ;;
   720                           
   721                           	psect	text7
   722  007EA2                     __ptext7:
   723                           	callstack 0
   724  007EA2                     _criar_tarefa:
   725                           	callstack 29
   726  007EA2                     
   727                           ;main.c: 63: void criar_tarefa(unsigned int prioridade, tarefa *func);main.c: 64: {;main
      +                          .c: 65:    FILA_APTOS[controle_aptos].task_ID = controle_aptos+1;
   728  007EA2  0E01               	movlw	1
   729  007EA4  241F               	addwf	_controle_aptos^0,w,c
   730  007EA6  6E2B               	movwf	??_criar_tarefa^0,c
   731  007EA8  0E00               	movlw	0
   732  007EAA  2020               	addwfc	(_controle_aptos+1)^0,w,c
   733  007EAC  6E2C               	movwf	(??_criar_tarefa+1)^0,c
   734  007EAE  C01F  F021         	movff	_controle_aptos,___wmul@multiplier
   735  007EB2  C020  F022         	movff	_controle_aptos+1,___wmul@multiplier+1
   736  007EB6  0E00               	movlw	0
   737  007EB8  6E24               	movwf	(___wmul@multiplicand+1)^0,c
   738  007EBA  0E07               	movlw	7
   739  007EBC  6E23               	movwf	___wmul@multiplicand^0,c
   740  007EBE  ECC4  F03E         	call	___wmul	;wreg free
   741  007EC2  0E01               	movlw	low _FILA_APTOS
   742  007EC4  2421               	addwf	?___wmul^0,w,c
   743  007EC6  6ED9               	movwf	fsr2l,c
   744  007EC8  0E00               	movlw	high _FILA_APTOS
   745  007ECA  2022               	addwfc	(?___wmul+1)^0,w,c
   746  007ECC  6EDA               	movwf	fsr2h,c
   747  007ECE  C02B  FFDE         	movff	??_criar_tarefa,postinc2
   748  007ED2  C02C  FFDD         	movff	??_criar_tarefa+1,postdec2
   749                           
   750                           ;main.c: 66:    FILA_APTOS[controle_aptos].task_func = func;
   751  007ED6  C01F  F021         	movff	_controle_aptos,___wmul@multiplier
   752  007EDA  C020  F022         	movff	_controle_aptos+1,___wmul@multiplier+1
   753  007EDE  0E00               	movlw	0
   754  007EE0  6E24               	movwf	(___wmul@multiplicand+1)^0,c
   755  007EE2  0E07               	movlw	7
   756  007EE4  6E23               	movwf	___wmul@multiplicand^0,c
   757  007EE6  ECC4  F03E         	call	___wmul	;wreg free
   758  007EEA  0E05               	movlw	low (_FILA_APTOS+4)
   759  007EEC  2421               	addwf	?___wmul^0,w,c
   760  007EEE  6ED9               	movwf	fsr2l,c
   761  007EF0  0E00               	movlw	high (_FILA_APTOS+4)
   762  007EF2  2022               	addwfc	(?___wmul+1)^0,w,c
   763  007EF4  6EDA               	movwf	fsr2h,c
   764  007EF6  C029  FFDE         	movff	criar_tarefa@func,postinc2
   765  007EFA  C02A  FFDD         	movff	criar_tarefa@func+1,postdec2
   766                           
   767                           ;main.c: 67:    FILA_APTOS[controle_aptos].task_state = READY;
   768  007EFE  C01F  F021         	movff	_controle_aptos,___wmul@multiplier
   769  007F02  C020  F022         	movff	_controle_aptos+1,___wmul@multiplier+1
   770  007F06  0E00               	movlw	0
   771  007F08  6E24               	movwf	(___wmul@multiplicand+1)^0,c
   772  007F0A  0E07               	movlw	7
   773  007F0C  6E23               	movwf	___wmul@multiplicand^0,c
   774  007F0E  ECC4  F03E         	call	___wmul	;wreg free
   775  007F12  0E07               	movlw	low (_FILA_APTOS+6)
   776  007F14  2421               	addwf	?___wmul^0,w,c
   777  007F16  6ED9               	movwf	fsr2l,c
   778  007F18  0E00               	movlw	high (_FILA_APTOS+6)
   779  007F1A  2022               	addwfc	(?___wmul+1)^0,w,c
   780  007F1C  6EDA               	movwf	fsr2h,c
   781  007F1E  0E00               	movlw	0
   782  007F20  6EDF               	movwf	indf2,c
   783                           
   784                           ;main.c: 68:    FILA_APTOS[controle_aptos].task_prior = prioridade;
   785  007F22  C01F  F021         	movff	_controle_aptos,___wmul@multiplier
   786  007F26  C020  F022         	movff	_controle_aptos+1,___wmul@multiplier+1
   787  007F2A  0E00               	movlw	0
   788  007F2C  6E24               	movwf	(___wmul@multiplicand+1)^0,c
   789  007F2E  0E07               	movlw	7
   790  007F30  6E23               	movwf	___wmul@multiplicand^0,c
   791  007F32  ECC4  F03E         	call	___wmul	;wreg free
   792  007F36  0E03               	movlw	low (_FILA_APTOS+2)
   793  007F38  2421               	addwf	?___wmul^0,w,c
   794  007F3A  6ED9               	movwf	fsr2l,c
   795  007F3C  0E00               	movlw	high (_FILA_APTOS+2)
   796  007F3E  2022               	addwfc	(?___wmul+1)^0,w,c
   797  007F40  6EDA               	movwf	fsr2h,c
   798  007F42  C027  FFDE         	movff	criar_tarefa@prioridade,postinc2
   799  007F46  C028  FFDD         	movff	criar_tarefa@prioridade+1,postdec2
   800  007F4A                     
   801                           ;main.c: 69:    controle_aptos++;
   802  007F4A  4A1F               	infsnz	_controle_aptos^0,f,c
   803  007F4C  2A20               	incf	(_controle_aptos+1)^0,f,c
   804  007F4E  0012               	return		;funcret
   805  007F50                     __end_of_criar_tarefa:
   806                           	callstack 0
   807                           
   808 ;; *************** function ___wmul *****************
   809 ;; Defined at:
   810 ;;		line 15 in file "C:\Program Files\Microchip\xc8\v2.20\pic\sources\c99\common\Umul16.c"
   811 ;; Parameters:    Size  Location     Type
   812 ;;  multiplier      2    0[COMRAM] unsigned int 
   813 ;;  multiplicand    2    2[COMRAM] unsigned int 
   814 ;; Auto vars:     Size  Location     Type
   815 ;;  product         2    4[COMRAM] unsigned int 
   816 ;; Return value:  Size  Location     Type
   817 ;;                  2    0[COMRAM] unsigned int 
   818 ;; Registers used:
   819 ;;		wreg, status,2, status,0, prodl, prodh
   820 ;; Tracked objects:
   821 ;;		On entry : 0/0
   822 ;;		On exit  : 0/0
   823 ;;		Unchanged: 0/0
   824 ;; Data sizes:     COMRAM   BANK0   BANK1   BANK2   BANK3   BANK4   BANK5
   825 ;;      Params:         4       0       0       0       0       0       0
   826 ;;      Locals:         2       0       0       0       0       0       0
   827 ;;      Temps:          0       0       0       0       0       0       0
   828 ;;      Totals:         6       0       0       0       0       0       0
   829 ;;Total ram usage:        6 bytes
   830 ;; Hardware stack levels used:    1
   831 ;; This function calls:
   832 ;;		Nothing
   833 ;; This function is called by:
   834 ;;		_criar_tarefa
   835 ;;		_despachante
   836 ;; This function uses a non-reentrant model
   837 ;;
   838                           
   839                           	psect	text8
   840  007D88                     __ptext8:
   841                           	callstack 0
   842  007D88                     ___wmul:
   843                           	callstack 29
   844  007D88  5021               	movf	___wmul@multiplier^0,w,c
   845  007D8A  0223               	mulwf	___wmul@multiplicand^0,c
   846  007D8C  CFF3 F025          	movff	prodl,___wmul@product
   847  007D90  CFF4 F026          	movff	prodh,___wmul@product+1
   848  007D94  5021               	movf	___wmul@multiplier^0,w,c
   849  007D96  0224               	mulwf	(___wmul@multiplicand+1)^0,c
   850  007D98  50F3               	movf	243,w,c
   851  007D9A  2626               	addwf	(___wmul@product+1)^0,f,c
   852  007D9C  5022               	movf	(___wmul@multiplier+1)^0,w,c
   853  007D9E  0223               	mulwf	___wmul@multiplicand^0,c
   854  007DA0  50F3               	movf	243,w,c
   855  007DA2  2626               	addwf	(___wmul@product+1)^0,f,c
   856  007DA4  C025  F021         	movff	___wmul@product,?___wmul
   857  007DA8  C026  F022         	movff	___wmul@product+1,?___wmul+1
   858  007DAC  0012               	return		;funcret
   859  007DAE                     __end_of___wmul:
   860                           	callstack 0
   861  0000                     
   862                           	psect	text9
   863  000000                     __ptext9:
   864                           	callstack 0
   865  000000                     
   866                           	psect	rparam
   867  0000                     
   868                           	psect	idloc
   869                           
   870                           ;Config register IDLOC0 @ 0x200000
   871                           ;	unspecified, using default values
   872  200000                     	org	2097152
   873  200000  FF                 	db	255
   874                           
   875                           ;Config register IDLOC1 @ 0x200001
   876                           ;	unspecified, using default values
   877  200001                     	org	2097153
   878  200001  FF                 	db	255
   879                           
   880                           ;Config register IDLOC2 @ 0x200002
   881                           ;	unspecified, using default values
   882  200002                     	org	2097154
   883  200002  FF                 	db	255
   884                           
   885                           ;Config register IDLOC3 @ 0x200003
   886                           ;	unspecified, using default values
   887  200003                     	org	2097155
   888  200003  FF                 	db	255
   889                           
   890                           ;Config register IDLOC4 @ 0x200004
   891                           ;	unspecified, using default values
   892  200004                     	org	2097156
   893  200004  FF                 	db	255
   894                           
   895                           ;Config register IDLOC5 @ 0x200005
   896                           ;	unspecified, using default values
   897  200005                     	org	2097157
   898  200005  FF                 	db	255
   899                           
   900                           ;Config register IDLOC6 @ 0x200006
   901                           ;	unspecified, using default values
   902  200006                     	org	2097158
   903  200006  FF                 	db	255
   904                           
   905                           ;Config register IDLOC7 @ 0x200007
   906                           ;	unspecified, using default values
   907  200007                     	org	2097159
   908  200007  FF                 	db	255
   909                           
   910                           	psect	config
   911                           
   912                           ; Padding undefined space
   913  300000                     	org	3145728
   914  300000  FF                 	db	255
   915                           
   916                           ;Config register CONFIG1H @ 0x300001
   917                           ;	unspecified, using default values
   918                           ;	Oscillator Selection bits
   919                           ;	OSC = 0x7, unprogrammed default
   920                           ;	Fail-Safe Clock Monitor Enable bit
   921                           ;	FCMEN = 0x0, unprogrammed default
   922                           ;	Internal/External Oscillator Switchover bit
   923                           ;	IESO = 0x0, unprogrammed default
   924  300001                     	org	3145729
   925  300001  07                 	db	7
   926                           
   927                           ;Config register CONFIG2L @ 0x300002
   928                           ;	unspecified, using default values
   929                           ;	Power-up Timer Enable bit
   930                           ;	PWRT = 0x1, unprogrammed default
   931                           ;	Brown-out Reset Enable bits
   932                           ;	BOREN = 0x3, unprogrammed default
   933                           ;	Brown Out Reset Voltage bits
   934                           ;	BORV = 0x3, unprogrammed default
   935  300002                     	org	3145730
   936  300002  1F                 	db	31
   937                           
   938                           ;Config register CONFIG2H @ 0x300003
   939                           ;	unspecified, using default values
   940                           ;	Watchdog Timer Enable bit
   941                           ;	WDT = 0x1, unprogrammed default
   942                           ;	Watchdog Timer Postscale Select bits
   943                           ;	WDTPS = 0xF, unprogrammed default
   944  300003                     	org	3145731
   945  300003  1F                 	db	31
   946                           
   947                           ; Padding undefined space
   948  300004                     	org	3145732
   949  300004  FF                 	db	255
   950                           
   951                           ;Config register CONFIG3H @ 0x300005
   952                           ;	unspecified, using default values
   953                           ;	CCP2 MUX bit
   954                           ;	CCP2MX = 0x1, unprogrammed default
   955                           ;	PORTB A/D Enable bit
   956                           ;	PBADEN = 0x1, unprogrammed default
   957                           ;	Low-Power Timer1 Oscillator Enable bit
   958                           ;	LPT1OSC = 0x0, unprogrammed default
   959                           ;	MCLR Pin Enable bit
   960                           ;	MCLRE = 0x1, unprogrammed default
   961  300005                     	org	3145733
   962  300005  83                 	db	131
   963                           
   964                           ;Config register CONFIG4L @ 0x300006
   965                           ;	unspecified, using default values
   966                           ;	Stack Full/Underflow Reset Enable bit
   967                           ;	STVREN = 0x1, unprogrammed default
   968                           ;	Single-Supply ICSP Enable bit
   969                           ;	LVP = 0x1, unprogrammed default
   970                           ;	Extended Instruction Set Enable bit
   971                           ;	XINST = 0x0, unprogrammed default
   972                           ;	Background Debugger Enable bit
   973                           ;	DEBUG = 0x1, unprogrammed default
   974  300006                     	org	3145734
   975  300006  85                 	db	133
   976                           
   977                           ; Padding undefined space
   978  300007                     	org	3145735
   979  300007  FF                 	db	255
   980                           
   981                           ;Config register CONFIG5L @ 0x300008
   982                           ;	unspecified, using default values
   983                           ;	Code Protection bit
   984                           ;	CP0 = 0x1, unprogrammed default
   985                           ;	Code Protection bit
   986                           ;	CP1 = 0x1, unprogrammed default
   987                           ;	Code Protection bit
   988                           ;	CP2 = 0x1, unprogrammed default
   989                           ;	Code Protection bit
   990                           ;	CP3 = 0x1, unprogrammed default
   991  300008                     	org	3145736
   992  300008  0F                 	db	15
   993                           
   994                           ;Config register CONFIG5H @ 0x300009
   995                           ;	unspecified, using default values
   996                           ;	Boot Block Code Protection bit
   997                           ;	CPB = 0x1, unprogrammed default
   998                           ;	Data EEPROM Code Protection bit
   999                           ;	CPD = 0x1, unprogrammed default
  1000  300009                     	org	3145737
  1001  300009  C0                 	db	192
  1002                           
  1003                           ;Config register CONFIG6L @ 0x30000A
  1004                           ;	unspecified, using default values
  1005                           ;	Write Protection bit
  1006                           ;	WRT0 = 0x1, unprogrammed default
  1007                           ;	Write Protection bit
  1008                           ;	WRT1 = 0x1, unprogrammed default
  1009                           ;	Write Protection bit
  1010                           ;	WRT2 = 0x1, unprogrammed default
  1011                           ;	Write Protection bit
  1012                           ;	WRT3 = 0x1, unprogrammed default
  1013  30000A                     	org	3145738
  1014  30000A  0F                 	db	15
  1015                           
  1016                           ;Config register CONFIG6H @ 0x30000B
  1017                           ;	unspecified, using default values
  1018                           ;	Configuration Register Write Protection bit
  1019                           ;	WRTC = 0x1, unprogrammed default
  1020                           ;	Boot Block Write Protection bit
  1021                           ;	WRTB = 0x1, unprogrammed default
  1022                           ;	Data EEPROM Write Protection bit
  1023                           ;	WRTD = 0x1, unprogrammed default
  1024  30000B                     	org	3145739
  1025  30000B  E0                 	db	224
  1026                           
  1027                           ;Config register CONFIG7L @ 0x30000C
  1028                           ;	unspecified, using default values
  1029                           ;	Table Read Protection bit
  1030                           ;	EBTR0 = 0x1, unprogrammed default
  1031                           ;	Table Read Protection bit
  1032                           ;	EBTR1 = 0x1, unprogrammed default
  1033                           ;	Table Read Protection bit
  1034                           ;	EBTR2 = 0x1, unprogrammed default
  1035                           ;	Table Read Protection bit
  1036                           ;	EBTR3 = 0x1, unprogrammed default
  1037  30000C                     	org	3145740
  1038  30000C  0F                 	db	15
  1039                           
  1040                           ;Config register CONFIG7H @ 0x30000D
  1041                           ;	unspecified, using default values
  1042                           ;	Boot Block Table Read Protection bit
  1043                           ;	EBTRB = 0x1, unprogrammed default
  1044  30000D                     	org	3145741
  1045  30000D  40                 	db	64
  1046                           tosu	equ	0xFFF
  1047                           tosh	equ	0xFFE
  1048                           tosl	equ	0xFFD
  1049                           stkptr	equ	0xFFC
  1050                           pclatu	equ	0xFFB
  1051                           pclath	equ	0xFFA
  1052                           pcl	equ	0xFF9
  1053                           tblptru	equ	0xFF8
  1054                           tblptrh	equ	0xFF7
  1055                           tblptrl	equ	0xFF6
  1056                           tablat	equ	0xFF5
  1057                           prodh	equ	0xFF4
  1058                           prodl	equ	0xFF3
  1059                           indf0	equ	0xFEF
  1060                           postinc0	equ	0xFEE
  1061                           postdec0	equ	0xFED
  1062                           preinc0	equ	0xFEC
  1063                           plusw0	equ	0xFEB
  1064                           fsr0h	equ	0xFEA
  1065                           fsr0l	equ	0xFE9
  1066                           wreg	equ	0xFE8
  1067                           indf1	equ	0xFE7
  1068                           postinc1	equ	0xFE6
  1069                           postdec1	equ	0xFE5
  1070                           preinc1	equ	0xFE4
  1071                           plusw1	equ	0xFE3
  1072                           fsr1h	equ	0xFE2
  1073                           fsr1l	equ	0xFE1
  1074                           bsr	equ	0xFE0
  1075                           indf2	equ	0xFDF
  1076                           postinc2	equ	0xFDE
  1077                           postdec2	equ	0xFDD
  1078                           preinc2	equ	0xFDC
  1079                           plusw2	equ	0xFDB
  1080                           fsr2h	equ	0xFDA
  1081                           fsr2l	equ	0xFD9
  1082                           status	equ	0xFD8

Data Sizes:
    Strings     0
    Constant    0
    Data        0
    BSS         32
    Persistent  0
    Stack       0

Auto Spaces:
    Space          Size  Autos    Used
    COMRAM          127     13      45
    BANK0           128      0       0
    BANK1           256      0       0
    BANK2           256      0       0
    BANK3           256      0       0
    BANK4           256      0       0
    BANK5           256      0       0

Pointer List with Targets:

    criar_tarefa@func	PTR FTN()void  size(2) Largest target is 1
		 -> task_3(), task_2(), task_1(), 

    S29TCB$task_func	PTR FTN()void  size(2) Largest target is 1
		 -> task_3(), task_2(), task_1(), 

    FILA_APTOS.task_func	PTR FTN()void  size(2) Largest target is 1
		 -> task_3(), task_2(), task_1(), 


Critical Paths under _main in COMRAM

    _main->_criar_tarefa
    _despachante->_escalonador
    _escalonador->___awmod
    _criar_tarefa->___wmul

Critical Paths under _main in BANK0

    None.

Critical Paths under _main in BANK1

    None.

Critical Paths under _main in BANK2

    None.

Critical Paths under _main in BANK3

    None.

Critical Paths under _main in BANK4

    None.

Critical Paths under _main in BANK5

    None.

Call Graph Tables:

 ---------------------------------------------------------------------------------
 (Depth) Function   	        Calls       Base Space   Used Autos Params    Refs
 ---------------------------------------------------------------------------------
 (0) _main                                                 1     1      0    2809
                                             12 COMRAM     1     1      0
                       _criar_tarefa
                        _despachante
 ---------------------------------------------------------------------------------
 (1) _despachante                                          2     2      0    1390
                                              8 COMRAM     2     2      0
                             ___wmul
                        _escalonador
                             _task_1 *
                             _task_2 *
                             _task_3 *
 ---------------------------------------------------------------------------------
 (2) _task_3                                               1     1      0       0
                                              0 COMRAM     1     1      0
 ---------------------------------------------------------------------------------
 (2) _task_2                                               1     1      0       0
                                              0 COMRAM     1     1      0
 ---------------------------------------------------------------------------------
 (2) _task_1                                               1     1      0       0
                                              0 COMRAM     1     1      0
 ---------------------------------------------------------------------------------
 (2) _escalonador                                          2     0      2     448
                                              6 COMRAM     2     0      2
                            ___awmod
 ---------------------------------------------------------------------------------
 (3) ___awmod                                              6     2      4     448
                                              0 COMRAM     6     2      4
 ---------------------------------------------------------------------------------
 (1) _criar_tarefa                                         6     2      4    1419
                                              6 COMRAM     6     2      4
                             ___wmul
 ---------------------------------------------------------------------------------
 (2) ___wmul                                               6     2      4     919
                                              0 COMRAM     6     2      4
 ---------------------------------------------------------------------------------
 Estimated maximum stack depth 3
 ---------------------------------------------------------------------------------

 Call Graph Graphs:

 _main (ROOT)
   _criar_tarefa
     ___wmul
   _despachante
     ___wmul
     _escalonador
       ___awmod
     _task_1 *
     _task_2 *
     _task_3 *

 Address spaces:
Name               Size   Autos  Total    Cost      Usage
BIGRAM             5FF      0       0      17        0.0%
EEDATA             100      0       0       0        0.0%
BITBANK5           100      0       0      16        0.0%
BANK5              100      0       0      14        0.0%
BITBANK4           100      0       0      12        0.0%
BANK4              100      0       0      13        0.0%
BITBANK3           100      0       0      10        0.0%
BANK3              100      0       0      11        0.0%
BITBANK2           100      0       0       8        0.0%
BANK2              100      0       0       9        0.0%
BITBANK1           100      0       0       6        0.0%
BANK1              100      0       0       7        0.0%
BITBANK0            80      0       0       4        0.0%
BANK0               80      0       0       5        0.0%
BITCOMRAM           7F      0       0       0        0.0%
COMRAM              7F      D      2D       1       35.4%
BITSFR               0      0       0     200        0.0%
SFR                  0      0       0     200        0.0%
STACK                0      0       0       2        0.0%
NULL                 0      0       0       0        0.0%
ABS                  0      0      2D      15        0.0%
DATA                 0      0      2D       3        0.0%
CODE                 0      0       0       0        0.0%


Microchip Technology PIC18 Macro Assembler V2.20 build 20200408173844 
Symbol Table                                                                                   Mon Sep 14 14:50:51 2020

          ?_criar_tarefa 0027                       l33 7F4E                       l42 7D62  
                     l51 7DAC                       l36 7DFC                       l45 7D86  
                     l39 7E44                       l48 7DD2                       u70 7D52  
                     u71 7D4C                       u80 7D74                       u81 7D6E  
                     u90 7DBE                       u91 7DB8                       u76 7D54  
                     u86 7D76                       u96 7DC0      ___wmul@multiplicand 0023  
           ?_escalonador 0027                      l295 7FFE                      l800 7F6A  
                    l810 7F9E                      l802 7F6E                      l820 7FD8  
                    l812 7FA6                      l804 7F7C                      l814 7FB4  
                    l822 7FDE                      l806 7F84                      l830 7DD4  
                    l824 7FEE                      l816 7FCA                      l808 7F96  
                    l832 7DF4                      l842 7EA2                      l826 7FF6  
                    l818 7FD2                      l770 7DAE                      l850 7E46  
                    l836 7D88                      l844 7F4A                      l852 7E4C  
                    l838 7DA4                      l766 7D42                      l846 7DFE  
                    l854 7E88                      l768 7D64                      l848 7E0A  
                    l856 7E8C                      l794 7F50                      l796 7F54  
                    l798 7F62                      u110 7F62                      u111 7F5E  
                    u120 7F7C                      u121 7F78                      u130 7F96  
                    u131 7F92                      u140 7FB4                      u141 7FB0  
                    u150 7FCA                      u151 7FC6                      u160 7FEE  
                    u161 7FEA                      u178 7E30                      u179 7E44  
                    u187 7E92             ___awmod@sign 0026                      tosl 000FFD  
                    wreg 000FE8                     _main 7E46                     indf2 000FDF  
                   fsr2l 000FD9                     prodh 000FF4                     prodl 000FF3  
                   start 0000           ??_criar_tarefa 002B             ___param_bank 000000  
                  ?_main 0021          __end_of___awmod 8000                    pclath 000FFA  
                  status 000FD8          __initialization 7D2C             __end_of_main 7EA2  
                 ??_main 002D            __activetblptr 000002     __size_of_despachante 0048  
       criar_tarefa@func 0029                   ___wmul 7D88                ??___awmod 0025  
                 clear_0 7D32                   _task_1 7D42                   _task_2 7D64  
                 _task_3 7DAE           _controle_aptos 001F          ___awmod@divisor 0023  
        ___awmod@counter 0025     __size_of_escalonador 002A                   tblptru 000FF8  
   __end_of_criar_tarefa 7F50               __accesstop 0080  __end_of__initialization 7D38  
          ___rparam_used 000001           __pcstackCOMRAM 0021                  ?___wmul 0021  
                ?_task_1 0021                  ?_task_2 0021                  ?_task_3 0021  
                __Hparam 0000                  __Lparam 0000                  ___awmod 7F50  
        __size_of___wmul 0026                  __pcinit 7D2C                  __ramtop 0600  
        __size_of_task_1 0022          __size_of_task_2 0024          __size_of_task_3 0026  
                __ptext0 7E46                  __ptext1 7DFE                  __ptext2 7D64  
                __ptext3 7D42                  __ptext4 7DAE                  __ptext5 7DD4  
                __ptext6 7F50                  __ptext7 7EA2                  __ptext8 7D88  
                __ptext9 0000    __size_of_criar_tarefa 00AE         ___awmod@dividend 0021  
   end_of_initialization 7D38            __Lmediumconst 0000             _criar_tarefa 7EA2  
                postdec2 000FDD                  postinc0 000FEE                  postinc2 000FDE  
              _PORTDbits 000F83            ??_despachante 0029                _TRISDbits 000F95  
         __end_of___wmul 7DAE            ??_escalonador 0029           __end_of_task_1 7D64  
         __end_of_task_2 7D88           __end_of_task_3 7DD4      start_initialization 7D2C  
    __end_of_despachante 7E46                 ??___wmul 0025                 ??_task_1 0021  
               ??_task_2 0021                 ??_task_3 0021              __pbssCOMRAM 0001  
          _tarefa_da_vez 001D      __end_of_escalonador 7DFE                 ?___awmod 0021  
         despachante@vez 0029              _despachante 7DFE           ___wmul@product 0025  
            _escalonador 7DD4                fp__task_1 0000                fp__task_2 0000  
              fp__task_3 0000        ___wmul@multiplier 0021                 __Hrparam 0000  
               __Lrparam 0000         __size_of___awmod 00B0               _FILA_APTOS 0001  
 criar_tarefa@prioridade 0027            __size_of_main 005C             ?_despachante 0021  
