

Microchip MPLAB XC8 Assembler V2.30 build 20200825195618 
                                                                                               Sat Oct 03 17:41:40 2020

Microchip MPLAB XC8 C Compiler v2.30 (Free license) build 20200825195618 Og1 
     1                           	processor	18F4520
     2                           	fnconf	rparam,??,?,0
     3                           	pagewidth 120
     4                           	opt	flic
     5                           	psect	cinit,global,reloc=2,class=CODE,delta=1
     6                           	psect	cstackCOMRAM,global,class=COMRAM,space=1,delta=1,lowdata,noexec
     7                           	psect	text0,global,reloc=2,class=CODE,delta=1
     8                           	psect	intcode,global,reloc=2,class=CODE,delta=1
     9                           	psect	intcode_body,global,reloc=2,class=CODE,delta=1
    10                           	psect	text2,global,reloc=2,class=CODE,delta=1
    11                           	psect	intsave_regs,global,class=BIGRAM,space=1,delta=1,noexec
    12                           	psect	rparam,global,class=COMRAM,space=1,delta=1,noexec
    13                           	psect	temp,global,ovrld,common,class=COMRAM,space=1,delta=1
    14                           	psect	idloc,global,abs,ovrld,class=IDLOC,space=5,delta=1,noexec
    15                           	psect	config,global,abs,ovrld,class=CONFIG,space=4,delta=1,noexec
    16  0000                     
    17                           ; Version 2.20
    18                           ; Generated 12/02/2020 GMT
    19                           ; 
    20                           ; Copyright © 2020, Microchip Technology Inc. and its subsidiaries ("Microchip")
    21                           ; All rights reserved.
    22                           ; 
    23                           ; This software is developed by Microchip Technology Inc. and its subsidiaries ("Microch
      +                          ip").
    24                           ; 
    25                           ; Redistribution and use in source and binary forms, with or without modification, are
    26                           ; permitted provided that the following conditions are met:
    27                           ; 
    28                           ;     1. Redistributions of source code must retain the above copyright notice, this lis
      +                          t of
    29                           ;        conditions and the following disclaimer.
    30                           ; 
    31                           ;     2. Redistributions in binary form must reproduce the above copyright notice, this 
      +                          list
    32                           ;        of conditions and the following disclaimer in the documentation and/or other
    33                           ;        materials provided with the distribution.
    34                           ; 
    35                           ;     3. Microchip's name may not be used to endorse or promote products derived from th
      +                          is
    36                           ;        software without specific prior written permission.
    37                           ; 
    38                           ; THIS SOFTWARE IS PROVIDED BY MICROCHIP "AS IS" AND ANY EXPRESS OR IMPLIED WARRANTIES,
    39                           ; INCLUDING, BUT NOT LIMITED TO, THE IMPLIED WARRANTIES OF MERCHANTABILITY AND FITNESS F
      +                          OR
    40                           ; PURPOSE ARE DISCLAIMED.  IN NO EVENT SHALL MICROCHIP BE LIABLE FOR ANY DIRECT, INDIREC
      +                          T,
    41                           ; INCIDENTAL, SPECIAL, EXEMPLARY, OR CONSEQUENTIAL DAMAGES (INCLUDING BUT NOT LIMITED TO
    42                           ; PROCUREMENT OF SUBSTITUTE GOODS OR SERVICES; LOSS OF USE, DATA OR PROFITS; OR BUSINESS
    43                           ; INTERRUPTION) HOWSOEVER CAUSED AND ON ANY THEORY OF LIABILITY, WHETHER IN CONTRACT, ST
      +                          RICT
    44                           ; LIABILITY, OR TORT (INCLUDING NEGLIGENCE OR OTHERWISE) ARISING IN ANY WAY OUT OF THE U
      +                          SE OF
    45                           ; THIS SOFTWARE, EVEN IF ADVISED OF THE POSSIBILITY OF SUCH DAMAGE.
    46                           ; 
    47                           ; 
    48                           ; Code-generator required, PIC18F4520 Definitions
    49                           ; 
    50                           ; SFR Addresses
    51  0000                     _PORTDbits	set	3971
    52  0000                     _TMR0L	set	4054
    53  0000                     _T0CONbits	set	4053
    54  0000                     _INTCONbits	set	4082
    55  0000                     _TRISDbits	set	3989
    56                           
    57                           ; #config settings
    58                           
    59                           	psect	cinit
    60  000074                     __pcinit:
    61                           	callstack 0
    62  000074                     start_initialization:
    63                           	callstack 0
    64  000074                     __initialization:
    65                           	callstack 0
    66  000074                     end_of_initialization:
    67                           	callstack 0
    68  000074                     __end_of__initialization:
    69                           	callstack 0
    70  000074  9002               	bcf	int$flags,0,c	;clear compiler interrupt flag (level 1)
    71  000076  9202               	bcf	int$flags,1,c	;clear compiler interrupt flag (level 2)
    72  000078  0100               	movlb	0
    73  00007A  EF09  F000         	goto	_main	;jump to C main() function
    74                           
    75                           	psect	cstackCOMRAM
    76  000001                     __pcstackCOMRAM:
    77                           	callstack 0
    78  000001                     ??_red_led:
    79  000001                     
    80                           ; 1 bytes @ 0x0
    81  000001                     	ds	1
    82  000002                     
    83                           ; 1 bytes @ 0x1
    84 ;;
    85 ;;Main: autosize = 0, tempsize = 0, incstack = 0, save=0
    86 ;;
    87 ;; *************** function _main *****************
    88 ;; Defined at:
    89 ;;		line 15 in file "main.c"
    90 ;; Parameters:    Size  Location     Type
    91 ;;		None
    92 ;; Auto vars:     Size  Location     Type
    93 ;;		None
    94 ;; Return value:  Size  Location     Type
    95 ;;                  1    wreg      void 
    96 ;; Registers used:
    97 ;;		wreg, status,2
    98 ;; Tracked objects:
    99 ;;		On entry : 0/0
   100 ;;		On exit  : 0/0
   101 ;;		Unchanged: 0/0
   102 ;; Data sizes:     COMRAM   BANK0   BANK1   BANK2   BANK3   BANK4   BANK5
   103 ;;      Params:         0       0       0       0       0       0       0
   104 ;;      Locals:         0       0       0       0       0       0       0
   105 ;;      Temps:          0       0       0       0       0       0       0
   106 ;;      Totals:         0       0       0       0       0       0       0
   107 ;;Total ram usage:        0 bytes
   108 ;; Hardware stack levels required when called:    2
   109 ;; This function calls:
   110 ;;		Nothing
   111 ;; This function is called by:
   112 ;;		Startup code after reset
   113 ;; This function uses a non-reentrant model
   114 ;;
   115                           
   116                           	psect	text0
   117  000012                     __ptext0:
   118                           	callstack 0
   119  000012                     _main:
   120                           	callstack 29
   121  000012                     
   122                           ;main.c: 18:  TRISDbits.RD0 = 0;
   123  000012  9095               	bcf	149,0,c	;volatile
   124                           
   125                           ;main.c: 21:  INTCONbits.GIE = 1;
   126  000014  8EF2               	bsf	242,7,c	;volatile
   127                           
   128                           ;main.c: 22:  INTCONbits.PEIE = 1;
   129  000016  8CF2               	bsf	242,6,c	;volatile
   130                           
   131                           ;main.c: 23:  INTCONbits.TMR0IE = 1;
   132  000018  8AF2               	bsf	242,5,c	;volatile
   133                           
   134                           ;main.c: 24:  INTCONbits.TMR0IF = 0;
   135  00001A  94F2               	bcf	242,2,c	;volatile
   136                           
   137                           ;main.c: 27:  T0CONbits.TMR0ON = 1;
   138  00001C  8ED5               	bsf	213,7,c	;volatile
   139                           
   140                           ;main.c: 28:  T0CONbits.T08BIT = 1;
   141  00001E  8CD5               	bsf	213,6,c	;volatile
   142                           
   143                           ;main.c: 29:  T0CONbits.T0CS = 0;
   144  000020  9AD5               	bcf	213,5,c	;volatile
   145                           
   146                           ;main.c: 30:  T0CONbits.PSA = 1;
   147  000022  86D5               	bsf	213,3,c	;volatile
   148  000024                     
   149                           ;main.c: 31:  T0CONbits.T0PS = 0b111;
   150  000024  0E07               	movlw	7
   151  000026  12D5               	iorwf	213,f,c	;volatile
   152                           
   153                           ;main.c: 32:  TMR0L = 0;
   154  000028  0E00               	movlw	0
   155  00002A  6ED6               	movwf	214,c	;volatile
   156  00002C                     l15:
   157  00002C  EF16  F000         	goto	l15
   158  000030  EF07  F000         	goto	start
   159  000034                     __end_of_main:
   160                           	callstack 0
   161                           
   162 ;; *************** function _interrup0 *****************
   163 ;; Defined at:
   164 ;;		line 43 in file "main.c"
   165 ;; Parameters:    Size  Location     Type
   166 ;;		None
   167 ;; Auto vars:     Size  Location     Type
   168 ;;		None
   169 ;; Return value:  Size  Location     Type
   170 ;;                  1    wreg      void 
   171 ;; Registers used:
   172 ;;		wreg, status,2, status,0, cstack
   173 ;; Tracked objects:
   174 ;;		On entry : 0/0
   175 ;;		On exit  : 0/0
   176 ;;		Unchanged: 0/0
   177 ;; Data sizes:     COMRAM   BANK0   BANK1   BANK2   BANK3   BANK4   BANK5
   178 ;;      Params:         0       0       0       0       0       0       0
   179 ;;      Locals:         0       0       0       0       0       0       0
   180 ;;      Temps:          0       0       0       0       0       0       0
   181 ;;      Totals:         0       0       0       0       0       0       0
   182 ;;Total ram usage:        0 bytes
   183 ;; Hardware stack levels used:    1
   184 ;; Hardware stack levels required when called:    1
   185 ;; This function calls:
   186 ;;		_red_led
   187 ;; This function is called by:
   188 ;;		Interrupt level 2
   189 ;; This function uses a non-reentrant model
   190 ;;
   191                           
   192                           	psect	intcode
   193  000008                     __pintcode:
   194                           	callstack 0
   195  000008                     _interrup0:
   196                           	callstack 29
   197                           
   198                           ;incstack = 0
   199  000008  8202               	bsf	int$flags,1,c	;set compiler interrupt flag (level 2)
   200  00000A  ED2B  F000         	call	int_func,f	;refresh shadow registers
   201                           
   202                           	psect	intcode_body
   203  000056                     __pintcode_body:
   204                           	callstack 29
   205  000056                     int_func:
   206                           	callstack 29
   207  000056  0006               	pop		; remove dummy address from shadow register refresh
   208  000058                     
   209                           ;main.c: 44:  if (INTCONbits.TMR0IF){
   210  000058  A4F2               	btfss	242,2,c	;volatile
   211  00005A  EF31  F000         	goto	i2u2_41
   212  00005E  EF33  F000         	goto	i2u2_40
   213  000062                     i2u2_41:
   214  000062  EF38  F000         	goto	i2l27
   215  000066                     i2u2_40:
   216  000066                     
   217                           ;main.c: 45:   red_led();
   218  000066  EC1A  F000         	call	_red_led	;wreg free
   219  00006A                     
   220                           ;main.c: 46:   INTCONbits.TMR0IF = 0;
   221  00006A  94F2               	bcf	242,2,c	;volatile
   222  00006C                     
   223                           ;main.c: 47:   TMR0L = 0;
   224  00006C  0E00               	movlw	0
   225  00006E  6ED6               	movwf	214,c	;volatile
   226  000070                     i2l27:
   227  000070  9202               	bcf	int$flags,1,c	;clear compiler interrupt flag (level 2)
   228  000072  0011               	retfie		f
   229  000074                     __end_of_interrup0:
   230                           	callstack 0
   231                           
   232 ;; *************** function _red_led *****************
   233 ;; Defined at:
   234 ;;		line 39 in file "main.c"
   235 ;; Parameters:    Size  Location     Type
   236 ;;		None
   237 ;; Auto vars:     Size  Location     Type
   238 ;;		None
   239 ;; Return value:  Size  Location     Type
   240 ;;                  1    wreg      void 
   241 ;; Registers used:
   242 ;;		wreg, status,2, status,0
   243 ;; Tracked objects:
   244 ;;		On entry : 0/0
   245 ;;		On exit  : 0/0
   246 ;;		Unchanged: 0/0
   247 ;; Data sizes:     COMRAM   BANK0   BANK1   BANK2   BANK3   BANK4   BANK5
   248 ;;      Params:         0       0       0       0       0       0       0
   249 ;;      Locals:         0       0       0       0       0       0       0
   250 ;;      Temps:          1       0       0       0       0       0       0
   251 ;;      Totals:         1       0       0       0       0       0       0
   252 ;;Total ram usage:        1 bytes
   253 ;; Hardware stack levels used:    1
   254 ;; This function calls:
   255 ;;		Nothing
   256 ;; This function is called by:
   257 ;;		_interrup0
   258 ;; This function uses a non-reentrant model
   259 ;;
   260                           
   261                           	psect	text2
   262  000034                     __ptext2:
   263                           	callstack 0
   264  000034                     _red_led:
   265                           	callstack 29
   266  000034                     
   267                           ;main.c: 40:  PORTDbits.RD0 = ~PORTDbits.RD0;
   268  000034  B083               	btfsc	131,0,c	;volatile
   269  000036  EF1F  F000         	goto	i2u1_41
   270  00003A  EF22  F000         	goto	i2u1_40
   271  00003E                     i2u1_41:
   272  00003E  0E01               	movlw	1
   273  000040  EF23  F000         	goto	i2u1_46
   274  000044                     i2u1_40:
   275  000044  0E00               	movlw	0
   276  000046                     i2u1_46:
   277  000046  0AFF               	xorlw	255
   278  000048  6E01               	movwf	??_red_led^0,c
   279  00004A  5083               	movf	131,w,c	;volatile
   280  00004C  1801               	xorwf	??_red_led^0,w,c
   281  00004E  0BFE               	andlw	-2
   282  000050  1801               	xorwf	??_red_led^0,w,c
   283  000052  6E83               	movwf	131,c	;volatile
   284  000054  0012               	return		;funcret
   285  000056                     __end_of_red_led:
   286                           	callstack 0
   287  0000                     
   288                           	psect	rparam
   289  0000                     
   290                           	psect	temp
   291  000002                     btemp:
   292                           	callstack 0
   293  000002                     	ds	1
   294  0000                     int$flags	set	btemp
   295  0000                     wtemp8	set	btemp+1
   296  0000                     ttemp5	set	btemp+1
   297  0000                     ttemp6	set	btemp+4
   298  0000                     ttemp7	set	btemp+8
   299                           
   300                           	psect	idloc
   301                           
   302                           ;Config register IDLOC0 @ 0x200000
   303                           ;	unspecified, using default values
   304  200000                     	org	2097152
   305  200000  FF                 	db	255
   306                           
   307                           ;Config register IDLOC1 @ 0x200001
   308                           ;	unspecified, using default values
   309  200001                     	org	2097153
   310  200001  FF                 	db	255
   311                           
   312                           ;Config register IDLOC2 @ 0x200002
   313                           ;	unspecified, using default values
   314  200002                     	org	2097154
   315  200002  FF                 	db	255
   316                           
   317                           ;Config register IDLOC3 @ 0x200003
   318                           ;	unspecified, using default values
   319  200003                     	org	2097155
   320  200003  FF                 	db	255
   321                           
   322                           ;Config register IDLOC4 @ 0x200004
   323                           ;	unspecified, using default values
   324  200004                     	org	2097156
   325  200004  FF                 	db	255
   326                           
   327                           ;Config register IDLOC5 @ 0x200005
   328                           ;	unspecified, using default values
   329  200005                     	org	2097157
   330  200005  FF                 	db	255
   331                           
   332                           ;Config register IDLOC6 @ 0x200006
   333                           ;	unspecified, using default values
   334  200006                     	org	2097158
   335  200006  FF                 	db	255
   336                           
   337                           ;Config register IDLOC7 @ 0x200007
   338                           ;	unspecified, using default values
   339  200007                     	org	2097159
   340  200007  FF                 	db	255
   341                           
   342                           	psect	config
   343                           
   344                           ; Padding undefined space
   345  300000                     	org	3145728
   346  300000  FF                 	db	255
   347                           
   348                           ;Config register CONFIG1H @ 0x300001
   349                           ;	unspecified, using default values
   350                           ;	Oscillator Selection bits
   351                           ;	OSC = 0x7, unprogrammed default
   352                           ;	Fail-Safe Clock Monitor Enable bit
   353                           ;	FCMEN = 0x0, unprogrammed default
   354                           ;	Internal/External Oscillator Switchover bit
   355                           ;	IESO = 0x0, unprogrammed default
   356  300001                     	org	3145729
   357  300001  07                 	db	7
   358                           
   359                           ;Config register CONFIG2L @ 0x300002
   360                           ;	unspecified, using default values
   361                           ;	Power-up Timer Enable bit
   362                           ;	PWRT = 0x1, unprogrammed default
   363                           ;	Brown-out Reset Enable bits
   364                           ;	BOREN = 0x3, unprogrammed default
   365                           ;	Brown Out Reset Voltage bits
   366                           ;	BORV = 0x3, unprogrammed default
   367  300002                     	org	3145730
   368  300002  1F                 	db	31
   369                           
   370                           ;Config register CONFIG2H @ 0x300003
   371                           ;	Watchdog Timer Enable bit
   372                           ;	WDT = OFF, WDT disabled (control is placed on the SWDTEN bit)
   373                           ;	Watchdog Timer Postscale Select bits
   374                           ;	WDTPS = 0xF, unprogrammed default
   375  300003                     	org	3145731
   376  300003  1E                 	db	30
   377                           
   378                           ; Padding undefined space
   379  300004                     	org	3145732
   380  300004  FF                 	db	255
   381                           
   382                           ;Config register CONFIG3H @ 0x300005
   383                           ;	CCP2 MUX bit
   384                           ;	CCP2MX = 0x1, unprogrammed default
   385                           ;	PORTB A/D Enable bit
   386                           ;	PBADEN = OFF, PORTB<4:0> pins are configured as digital I/O on Reset
   387                           ;	Low-Power Timer1 Oscillator Enable bit
   388                           ;	LPT1OSC = 0x0, unprogrammed default
   389                           ;	MCLR Pin Enable bit
   390                           ;	MCLRE = ON, MCLR pin enabled; RE3 input pin disabled
   391  300005                     	org	3145733
   392  300005  81                 	db	129
   393                           
   394                           ;Config register CONFIG4L @ 0x300006
   395                           ;	unspecified, using default values
   396                           ;	Stack Full/Underflow Reset Enable bit
   397                           ;	STVREN = 0x1, unprogrammed default
   398                           ;	Single-Supply ICSP Enable bit
   399                           ;	LVP = 0x1, unprogrammed default
   400                           ;	Extended Instruction Set Enable bit
   401                           ;	XINST = 0x0, unprogrammed default
   402                           ;	Background Debugger Enable bit
   403                           ;	DEBUG = 0x1, unprogrammed default
   404  300006                     	org	3145734
   405  300006  85                 	db	133
   406                           
   407                           ; Padding undefined space
   408  300007                     	org	3145735
   409  300007  FF                 	db	255
   410                           
   411                           ;Config register CONFIG5L @ 0x300008
   412                           ;	unspecified, using default values
   413                           ;	Code Protection bit
   414                           ;	CP0 = 0x1, unprogrammed default
   415                           ;	Code Protection bit
   416                           ;	CP1 = 0x1, unprogrammed default
   417                           ;	Code Protection bit
   418                           ;	CP2 = 0x1, unprogrammed default
   419                           ;	Code Protection bit
   420                           ;	CP3 = 0x1, unprogrammed default
   421  300008                     	org	3145736
   422  300008  0F                 	db	15
   423                           
   424                           ;Config register CONFIG5H @ 0x300009
   425                           ;	unspecified, using default values
   426                           ;	Boot Block Code Protection bit
   427                           ;	CPB = 0x1, unprogrammed default
   428                           ;	Data EEPROM Code Protection bit
   429                           ;	CPD = 0x1, unprogrammed default
   430  300009                     	org	3145737
   431  300009  C0                 	db	192
   432                           
   433                           ;Config register CONFIG6L @ 0x30000A
   434                           ;	unspecified, using default values
   435                           ;	Write Protection bit
   436                           ;	WRT0 = 0x1, unprogrammed default
   437                           ;	Write Protection bit
   438                           ;	WRT1 = 0x1, unprogrammed default
   439                           ;	Write Protection bit
   440                           ;	WRT2 = 0x1, unprogrammed default
   441                           ;	Write Protection bit
   442                           ;	WRT3 = 0x1, unprogrammed default
   443  30000A                     	org	3145738
   444  30000A  0F                 	db	15
   445                           
   446                           ;Config register CONFIG6H @ 0x30000B
   447                           ;	unspecified, using default values
   448                           ;	Configuration Register Write Protection bit
   449                           ;	WRTC = 0x1, unprogrammed default
   450                           ;	Boot Block Write Protection bit
   451                           ;	WRTB = 0x1, unprogrammed default
   452                           ;	Data EEPROM Write Protection bit
   453                           ;	WRTD = 0x1, unprogrammed default
   454  30000B                     	org	3145739
   455  30000B  E0                 	db	224
   456                           
   457                           ;Config register CONFIG7L @ 0x30000C
   458                           ;	unspecified, using default values
   459                           ;	Table Read Protection bit
   460                           ;	EBTR0 = 0x1, unprogrammed default
   461                           ;	Table Read Protection bit
   462                           ;	EBTR1 = 0x1, unprogrammed default
   463                           ;	Table Read Protection bit
   464                           ;	EBTR2 = 0x1, unprogrammed default
   465                           ;	Table Read Protection bit
   466                           ;	EBTR3 = 0x1, unprogrammed default
   467  30000C                     	org	3145740
   468  30000C  0F                 	db	15
   469                           
   470                           ;Config register CONFIG7H @ 0x30000D
   471                           ;	unspecified, using default values
   472                           ;	Boot Block Table Read Protection bit
   473                           ;	EBTRB = 0x1, unprogrammed default
   474  30000D                     	org	3145741
   475  30000D  40                 	db	64
   476                           tosu	equ	0xFFF
   477                           tosh	equ	0xFFE
   478                           tosl	equ	0xFFD
   479                           stkptr	equ	0xFFC
   480                           pclatu	equ	0xFFB
   481                           pclath	equ	0xFFA
   482                           pcl	equ	0xFF9
   483                           tblptru	equ	0xFF8
   484                           tblptrh	equ	0xFF7
   485                           tblptrl	equ	0xFF6
   486                           tablat	equ	0xFF5
   487                           prodh	equ	0xFF4
   488                           prodl	equ	0xFF3
   489                           indf0	equ	0xFEF
   490                           postinc0	equ	0xFEE
   491                           postdec0	equ	0xFED
   492                           preinc0	equ	0xFEC
   493                           plusw0	equ	0xFEB
   494                           fsr0h	equ	0xFEA
   495                           fsr0l	equ	0xFE9
   496                           wreg	equ	0xFE8
   497                           indf1	equ	0xFE7
   498                           postinc1	equ	0xFE6
   499                           postdec1	equ	0xFE5
   500                           preinc1	equ	0xFE4
   501                           plusw1	equ	0xFE3
   502                           fsr1h	equ	0xFE2
   503                           fsr1l	equ	0xFE1
   504                           bsr	equ	0xFE0
   505                           indf2	equ	0xFDF
   506                           postinc2	equ	0xFDE
   507                           postdec2	equ	0xFDD
   508                           preinc2	equ	0xFDC
   509                           plusw2	equ	0xFDB
   510                           fsr2h	equ	0xFDA
   511                           fsr2l	equ	0xFD9
   512                           status	equ	0xFD8

Data Sizes:
    Strings     0
    Constant    0
    Data        0
    BSS         0
    Persistent  0
    Stack       0

Auto Spaces:
    Space          Size  Autos    Used
    COMRAM          126      1       1
    BANK0           128      0       0
    BANK1           256      0       0
    BANK2           256      0       0
    BANK3           256      0       0
    BANK4           256      0       0
    BANK5           256      0       0

Pointer List with Targets:

    None.

Critical Paths under _main in COMRAM

    None.

Critical Paths under _interrup0 in COMRAM

    _interrup0->_red_led

Critical Paths under _main in BANK0

    None.

Critical Paths under _interrup0 in BANK0

    None.

Critical Paths under _main in BANK1

    None.

Critical Paths under _interrup0 in BANK1

    None.

Critical Paths under _main in BANK2

    None.

Critical Paths under _interrup0 in BANK2

    None.

Critical Paths under _main in BANK3

    None.

Critical Paths under _interrup0 in BANK3

    None.

Critical Paths under _main in BANK4

    None.

Critical Paths under _interrup0 in BANK4

    None.

Critical Paths under _main in BANK5

    None.

Critical Paths under _interrup0 in BANK5

    None.

Call Graph Tables:

 ---------------------------------------------------------------------------------
 (Depth) Function   	        Calls       Base Space   Used Autos Params    Refs
 ---------------------------------------------------------------------------------
 (0) _main                                                 0     0      0       0
 ---------------------------------------------------------------------------------
 Estimated maximum stack depth 0
 ---------------------------------------------------------------------------------
 (Depth) Function   	        Calls       Base Space   Used Autos Params    Refs
 ---------------------------------------------------------------------------------
 (1) _interrup0                                            0     0      0       0
                            _red_led
 ---------------------------------------------------------------------------------
 (2) _red_led                                              1     1      0       0
                                              0 COMRAM     1     1      0
 ---------------------------------------------------------------------------------
 Estimated maximum stack depth 2
 ---------------------------------------------------------------------------------

 Call Graph Graphs:

 _main (ROOT)

 _interrup0 (ROOT)
   _red_led

 Address spaces:
Name               Size   Autos  Total    Cost      Usage
BITCOMRAM           7E      0       0       0        0.0%
EEDATA             100      0       0       0        0.0%
NULL                 0      0       0       0        0.0%
CODE                 0      0       0       0        0.0%
COMRAM              7E      1       1       1        0.8%
STACK                0      0       0       2        0.0%
DATA                 0      0       0       3        0.0%
BITBANK0            80      0       0       4        0.0%
BANK0               80      0       0       5        0.0%
BITBANK1           100      0       0       6        0.0%
BANK1              100      0       0       7        0.0%
BITBANK2           100      0       0       8        0.0%
BANK2              100      0       0       9        0.0%
BITBANK3           100      0       0      10        0.0%
BANK3              100      0       0      11        0.0%
BITBANK4           100      0       0      12        0.0%
BANK4              100      0       0      13        0.0%
BANK5              100      0       0      14        0.0%
ABS                  0      0       0      15        0.0%
BITBANK5           100      0       0      16        0.0%
BIGRAM             5FF      0       0      17        0.0%
BITSFR               0      0       0     200        0.0%
SFR                  0      0       0     200        0.0%


Microchip Technology PIC18 Macro Assembler V2.30 build 20200825195618 
Symbol Table                                                                                   Sat Oct 03 17:41:40 2020

                     l15 002C                       l16 002C                      l705 0012  
                    l707 0024                     i2l21 0054                     i2l27 0070  
                   _main 0012                     btemp 0002                     start 000E  
           ___param_bank 000000                    ?_main 0001                    i2l703 0034  
                  i2l711 0066                    i2l713 006A                    i2l715 006C  
                  i2l709 0058                    _TMR0L 000FD6          __end_of_red_led 0056  
                  ttemp5 0003                    ttemp6 0006                    ttemp7 000A  
                  wtemp8 0003          __initialization 0074             __end_of_main 0034  
                 ??_main 0002            __activetblptr 000000                   i2u1_40 0044  
                 i2u1_41 003E                   i2u1_46 0046                   i2u2_40 0066  
                 i2u2_41 0062                ??_red_led 0001               __accesstop 0080  
__end_of__initialization 0074            ___rparam_used 000001           __pcstackCOMRAM 0001  
     __size_of_interrup0 006C                  __Hparam 0000                  __Lparam 0000  
                __pcinit 0074                  __ramtop 0600                  __ptext0 0012  
                __ptext2 0034                _T0CONbits 000FD5                  _red_led 0034  
      __end_of_interrup0 0074           __pintcode_body 0056     end_of_initialization 0074  
                int_func 0056                _PORTDbits 000F83                _TRISDbits 000F95  
    start_initialization 0074                __pintcode 0008                 ?_red_led 0001  
              _interrup0 0008               ?_interrup0 0001                 __Hrparam 0000  
               __Lrparam 0000         __size_of_red_led 0022            __size_of_main 0022  
               int$flags 0002               _INTCONbits 000FF2                 intlevel2 0000  
            ??_interrup0 0002  
